INFO: [VRFC 10-163] Analyzing VHDL file "D:/Projects/training/axi2spi/Registers/src/AsyncFifo_32x1_or_16.vhd" into library xil_defaultlib
INFO: [VRFC 10-3107] analyzing entity 'AsyncFifo_32x1_or_16'
INFO: [VRFC 10-163] Analyzing VHDL file "D:/Projects/training/axi2spi/axi2spi/axi2spi.srcs/sources_1/new/axi_spi_components_pkg.vhd" into library xil_defaultlib
INFO: [VRFC 10-163] Analyzing VHDL file "D:/Projects/training/axi2spi/Registers/src/axi_spi_core_registers.vhd" into library xil_defaultlib
INFO: [VRFC 10-3107] analyzing entity 'axi_spi_core_registers'
INFO: [VRFC 10-163] Analyzing VHDL file "D:/Projects/training/axi2spi/Registers/src/cdc.vhd" into library xil_defaultlib
INFO: [VRFC 10-3107] analyzing entity 'cdc'
INFO: [VRFC 10-163] Analyzing VHDL file "D:/Projects/training/axi2spi/Registers/src/interrupt_register.vhd" into library xil_defaultlib
INFO: [VRFC 10-3107] analyzing entity 'interrupt_register'
INFO: [VRFC 10-163] Analyzing VHDL file "D:/Projects/training/axi2spi/Registers/src/irpt_pulse_generator.vhd" into library xil_defaultlib
INFO: [VRFC 10-3107] analyzing entity 'irpt_pulse_generator'
INFO: [VRFC 10-163] Analyzing VHDL file "D:/Projects/training/axi2spi/Registers/src/load_flipflop.vhd" into library xil_defaultlib
INFO: [VRFC 10-3107] analyzing entity 'load_flipflop'
INFO: [VRFC 10-163] Analyzing VHDL file "D:/Projects/training/axi2spi/Registers/src/load_register.vhd" into library xil_defaultlib
INFO: [VRFC 10-3107] analyzing entity 'load_register'
INFO: [VRFC 10-163] Analyzing VHDL file "D:/Projects/training/axi2spi/Registers/src/registers.vhd" into library xil_defaultlib
INFO: [VRFC 10-3107] analyzing entity 'registers'
INFO: [VRFC 10-163] Analyzing VHDL file "D:/Projects/training/axi2spi/Registers/src/synchronizer_Nbit.vhd" into library xil_defaultlib
INFO: [VRFC 10-3107] analyzing entity 'synchronizer_Nbit'
INFO: [VRFC 10-163] Analyzing VHDL file "D:/Projects/training/axi2spi/Registers/tb/axi_spi_core_registers_tb.vhd" into library xil_defaultlib
INFO: [VRFC 10-3107] analyzing entity 'axi_spi_core_registers_tb'
